<?xml version="1.0" encoding="UTF-8"?>
<robot generator="Robot 6.1 (Python 3.11.3 on win32)" generated="20230628 11:44:31.342" rpa="false" schemaversion="4">
<suite id="s1" name="Utils Robotframework" source="C:\workspace\utils_robotframework">
<suite id="s1-s1" name="Dashboard Constructeur" source="C:\workspace\utils_robotframework\Dashboard_Constructeur.robot">
<kw name="Connect To Anyway" library="front" type="SETUP">
<kw name="Open Browser" library="SeleniumLibrary">
<arg>${url_anyway}</arg>
<arg>${browser}</arg>
<doc>Opens a new browser instance to the optional ``url``.</doc>
<msg timestamp="20230628 11:44:31.716" level="INFO">Opening browser 'chrome' to base url 'https://anyway.qal.covage.com/dashboard'.</msg>
<status status="PASS" starttime="20230628 11:44:31.715" endtime="20230628 11:44:34.137"/>
</kw>
<kw name="Maximize Browser Window" library="SeleniumLibrary">
<doc>Maximizes current browser window.</doc>
<status status="PASS" starttime="20230628 11:44:34.137" endtime="20230628 11:44:34.262"/>
</kw>
<status status="PASS" starttime="20230628 11:44:31.714" endtime="20230628 11:44:34.262"/>
</kw>
<test id="s1-s1-t1" name="Dashboard Constructeur" line="131">
<kw name="EXTRACT JSON TO DICTIONNARY" library="utils">
<var>${data_1}</var>
<arg>data\\Dashboard_Constructeur_1.json</arg>
<kw name="Get Value From Json" library="utils">
<var>${data}</var>
<arg>${path_json}</arg>
<msg timestamp="20230628 11:44:34.268" level="INFO">${data} = {'Nom': 'Constructeur numéro 1', 'Préfixe MAC': ''}</msg>
<status status="PASS" starttime="20230628 11:44:34.267" endtime="20230628 11:44:34.269"/>
</kw>
<kw name="Log" library="BuiltIn">
<arg>${data}</arg>
<doc>Logs the given message with the given level.</doc>
<msg timestamp="20230628 11:44:34.270" level="INFO">{'Nom': 'Constructeur numéro 1', 'Préfixe MAC': ''}</msg>
<status status="PASS" starttime="20230628 11:44:34.269" endtime="20230628 11:44:34.270"/>
</kw>
<msg timestamp="20230628 11:44:34.271" level="INFO">${data_1} = {'Nom': 'Constructeur numéro 1', 'Préfixe MAC': ''}</msg>
<status status="PASS" starttime="20230628 11:44:34.265" endtime="20230628 11:44:34.271"/>
</kw>
<kw name="EXTRACT JSON TO DICTIONNARY" library="utils">
<var>${data_1bis}</var>
<arg>data\\Dashboard_Constructeur_1bis.json</arg>
<kw name="Get Value From Json" library="utils">
<var>${data}</var>
<arg>${path_json}</arg>
<msg timestamp="20230628 11:44:34.275" level="INFO">${data} = {'Nom': 'Constructeur numéro 1 Bis', 'Préfixe MAC': '00:20:d3'}</msg>
<status status="PASS" starttime="20230628 11:44:34.273" endtime="20230628 11:44:34.275"/>
</kw>
<kw name="Log" library="BuiltIn">
<arg>${data}</arg>
<doc>Logs the given message with the given level.</doc>
<msg timestamp="20230628 11:44:34.277" level="INFO">{'Nom': 'Constructeur numéro 1 Bis', 'Préfixe MAC': '00:20:d3'}</msg>
<status status="PASS" starttime="20230628 11:44:34.276" endtime="20230628 11:44:34.277"/>
</kw>
<msg timestamp="20230628 11:44:34.278" level="INFO">${data_1bis} = {'Nom': 'Constructeur numéro 1 Bis', 'Préfixe MAC': '00:20:d3'}</msg>
<status status="PASS" starttime="20230628 11:44:34.272" endtime="20230628 11:44:34.278"/>
</kw>
<kw name="EXTRACT JSON TO DICTIONNARY" library="utils">
<var>${data_2}</var>
<arg>data\\Dashboard_Constructeur_2.json</arg>
<kw name="Get Value From Json" library="utils">
<var>${data}</var>
<arg>${path_json}</arg>
<msg timestamp="20230628 11:44:34.281" level="INFO">${data} = {'Nom': 'Constructeur numéro 2', 'Préfixe MAC': '00:20:d3'}</msg>
<status status="PASS" starttime="20230628 11:44:34.280" endtime="20230628 11:44:34.282"/>
</kw>
<kw name="Log" library="BuiltIn">
<arg>${data}</arg>
<doc>Logs the given message with the given level.</doc>
<msg timestamp="20230628 11:44:34.283" level="INFO">{'Nom': 'Constructeur numéro 2', 'Préfixe MAC': '00:20:d3'}</msg>
<status status="PASS" starttime="20230628 11:44:34.282" endtime="20230628 11:44:34.284"/>
</kw>
<msg timestamp="20230628 11:44:34.284" level="INFO">${data_2} = {'Nom': 'Constructeur numéro 2', 'Préfixe MAC': '00:20:d3'}</msg>
<status status="PASS" starttime="20230628 11:44:34.279" endtime="20230628 11:44:34.285"/>
</kw>
<kw name="Set Variable" library="BuiltIn">
<var>@{all_noms}</var>
<arg>${data_1["Nom"]}</arg>
<arg>${data_1bis["Nom"]}</arg>
<arg>${data_2["Nom"]}</arg>
<doc>Returns the given values which can then be assigned to a variables.</doc>
<msg timestamp="20230628 11:44:34.289" level="INFO">@{all_noms} = [ Constructeur numéro 1 | Constructeur numéro 1 Bis | Constructeur numéro 2 ]</msg>
<status status="PASS" starttime="20230628 11:44:34.287" endtime="20230628 11:44:34.290"/>
</kw>
<kw name="Verify Dashboard Menu" library="front">
<kw name="Wait Until Page Contains Element" library="SeleniumLibrary">
<arg>${bonjour_message}</arg>
<doc>Waits until the element ``locator`` appears on the current page.</doc>
<status status="PASS" starttime="20230628 11:44:34.292" endtime="20230628 11:44:34.312"/>
</kw>
<kw name="Get Text" library="SeleniumLibrary">
<var>${bonjour_text}</var>
<arg>${bonjour_message}</arg>
<doc>Returns the text value of the element identified by ``locator``.</doc>
<msg timestamp="20230628 11:44:34.348" level="INFO">${bonjour_text} = Bonjour admin !</msg>
<status status="PASS" starttime="20230628 11:44:34.312" endtime="20230628 11:44:34.348"/>
</kw>
<kw name="LOG CHECK GOOD" library="utils">
<arg>${bonjour_text}</arg>
<kw name="Log" library="BuiltIn">
<arg>&lt;h3 style="color: green;"&gt;${message}&lt;/h3&gt;</arg>
<arg>level=WARN</arg>
<arg>html=True</arg>
<doc>Logs the given message with the given level.</doc>
<msg timestamp="20230628 11:44:34.351" level="WARN" html="true">&lt;h3 style="color: green;"&gt;Bonjour admin !&lt;/h3&gt;</msg>
<status status="PASS" starttime="20230628 11:44:34.350" endtime="20230628 11:44:34.357"/>
</kw>
<status status="PASS" starttime="20230628 11:44:34.349" endtime="20230628 11:44:34.358"/>
</kw>
<status status="PASS" starttime="20230628 11:44:34.291" endtime="20230628 11:44:34.359"/>
</kw>
<kw name="Go To Constructeur Menu" library="constructeur">
<kw name="Wait Until Page Contains Element" library="SeleniumLibrary">
<arg>${contructeur_menu}</arg>
<doc>Waits until the element ``locator`` appears on the current page.</doc>
<status status="PASS" starttime="20230628 11:44:34.362" endtime="20230628 11:44:34.397"/>
</kw>
<kw name="Click Element" library="SeleniumLibrary">
<arg>${contructeur_menu}</arg>
<doc>Click the element identified by ``locator``.</doc>
<msg timestamp="20230628 11:44:34.400" level="INFO">Clicking element '//a[@href="https://anyway.qal.covage.com/constructors" and @class="nav-link"]'.</msg>
<status status="PASS" starttime="20230628 11:44:34.398" endtime="20230628 11:44:34.833"/>
</kw>
<kw name="Wait Until Page Contains Element" library="SeleniumLibrary">
<arg>${constructeur_creation}</arg>
<doc>Waits until the element ``locator`` appears on the current page.</doc>
<status status="PASS" starttime="20230628 11:44:34.833" endtime="20230628 11:44:34.852"/>
</kw>
<kw name="Wait Until Page Contains Element" library="SeleniumLibrary">
<arg>${constructeur_text}</arg>
<doc>Waits until the element ``locator`` appears on the current page.</doc>
<status status="PASS" starttime="20230628 11:44:34.852" endtime="20230628 11:44:34.864"/>
</kw>
<kw name="LOG CHECK GOOD" library="utils">
<arg>Go to contructeurs menu</arg>
<kw name="Log" library="BuiltIn">
<arg>&lt;h3 style="color: green;"&gt;${message}&lt;/h3&gt;</arg>
<arg>level=WARN</arg>
<arg>html=True</arg>
<doc>Logs the given message with the given level.</doc>
<msg timestamp="20230628 11:44:34.866" level="WARN" html="true">&lt;h3 style="color: green;"&gt;Go to contructeurs menu&lt;/h3&gt;</msg>
<status status="PASS" starttime="20230628 11:44:34.865" endtime="20230628 11:44:34.868"/>
</kw>
<status status="PASS" starttime="20230628 11:44:34.864" endtime="20230628 11:44:34.868"/>
</kw>
<status status="PASS" starttime="20230628 11:44:34.360" endtime="20230628 11:44:34.868"/>
</kw>
<kw name="Test" library="constructeur">
<kw name="Click And Check Modèle Equipments" library="constructeur">
<kw name="Click Modèle" library="constructeur">
<kw name="Click Element" library="SeleniumLibrary">
<arg>//*[@id="sidebarNav"]/li[3]/a</arg>
<doc>Click the element identified by ``locator``.</doc>
<msg timestamp="20230628 11:44:34.871" level="INFO">Clicking element '//*[@id="sidebarNav"]/li[3]/a'.</msg>
<status status="PASS" starttime="20230628 11:44:34.871" endtime="20230628 11:44:34.920"/>
</kw>
<kw name="Sleep" library="BuiltIn">
<arg>0.2</arg>
<doc>Pauses the test executed for the given time.</doc>
<msg timestamp="20230628 11:44:35.122" level="INFO">Slept 200 milliseconds</msg>
<status status="PASS" starttime="20230628 11:44:34.920" endtime="20230628 11:44:35.122"/>
</kw>
<status status="PASS" starttime="20230628 11:44:34.870" endtime="20230628 11:44:35.122"/>
</kw>
<kw name="Click Element" library="SeleniumLibrary">
<arg>//*[@id="wrapper-0"]/ul/li[1]/a</arg>
<doc>Click the element identified by ``locator``.</doc>
<msg timestamp="20230628 11:44:35.123" level="INFO">Clicking element '//*[@id="wrapper-0"]/ul/li[1]/a'.</msg>
<status status="PASS" starttime="20230628 11:44:35.122" endtime="20230628 11:44:35.563"/>
</kw>
<status status="PASS" starttime="20230628 11:44:34.869" endtime="20230628 11:44:35.564"/>
</kw>
<kw name="Wait Until Page Contains Element" library="SeleniumLibrary">
<arg>xpath:/html/body/main/div[2]/div/div/div/div[2]/div/div[4]/table/thead/tr</arg>
<doc>Waits until the element ``locator`` appears on the current page.</doc>
<status status="PASS" starttime="20230628 11:44:35.564" endtime="20230628 11:44:35.582"/>
</kw>
<kw name="Get WebElements" library="SeleniumLibrary">
<var>${elements}</var>
<arg>xpath:/html/body/main/div[2]/div/div/div/div[2]/div/div[4]/table/thead/tr</arg>
<doc>Returns a list of WebElement objects matching the ``locator``.</doc>
<msg timestamp="20230628 11:44:35.592" level="INFO">${elements} = [&lt;selenium.webdriver.remote.webelement.WebElement (session="a904fa8e805c936216e9895cf004a481", element="4A8BEFAD47275F4CAEA55B7562ED3AC3_element_71")&gt;]</msg>
<status status="PASS" starttime="20230628 11:44:35.582" endtime="20230628 11:44:35.592"/>
</kw>
<kw name="Log" library="BuiltIn">
<arg>${elements}</arg>
<doc>Logs the given message with the given level.</doc>
<msg timestamp="20230628 11:44:35.593" level="INFO">[&lt;selenium.webdriver.remote.webelement.WebElement (session="a904fa8e805c936216e9895cf004a481", element="4A8BEFAD47275F4CAEA55B7562ED3AC3_element_71")&gt;]</msg>
<status status="PASS" starttime="20230628 11:44:35.592" endtime="20230628 11:44:35.593"/>
</kw>
<kw name="Create List" library="BuiltIn">
<var>@{noms}</var>
<doc>Returns a list containing given items.</doc>
<msg timestamp="20230628 11:44:35.594" level="INFO">@{noms} = [ ]</msg>
<status status="PASS" starttime="20230628 11:44:35.593" endtime="20230628 11:44:35.594"/>
</kw>
<for flavor="IN">
<var>${element}</var>
<value>@{elements}</value>
<iter>
<var name="${element}">&lt;selenium.webdriver.remote.webelement.WebElement (session="a904fa8e805c936216e9895cf004a481", element="4A8BEFAD47275F4CAEA55B7562ED3AC3_element_71")&gt;</var>
<kw name="Get Text" library="SeleniumLibrary">
<var>${nom}</var>
<arg>${element}</arg>
<doc>Returns the text value of the element identified by ``locator``.</doc>
<msg timestamp="20230628 11:44:35.614" level="INFO">${nom} = EQUIPEMENTIER
NOM
ABRÉVIATION
RÉFÉRENCE
ACTIF / PASSIF
NB SLOTS
DÉPLOYÉ</msg>
<status status="PASS" starttime="20230628 11:44:35.595" endtime="20230628 11:44:35.614"/>
</kw>
<kw name="Append To List" library="Collections">
<arg>${noms}</arg>
<arg>${nom}</arg>
<doc>Adds ``values`` to the end of ``list``.</doc>
<status status="PASS" starttime="20230628 11:44:35.614" endtime="20230628 11:44:35.615"/>
</kw>
<status status="PASS" starttime="20230628 11:44:35.594" endtime="20230628 11:44:35.615"/>
</iter>
<status status="PASS" starttime="20230628 11:44:35.594" endtime="20230628 11:44:35.615"/>
</for>
<status status="PASS" starttime="20230628 11:44:34.869" endtime="20230628 11:44:35.615"/>
</kw>
<status status="PASS" starttime="20230628 11:44:34.262" endtime="20230628 11:44:35.616"/>
</test>
<status status="PASS" starttime="20230628 11:44:31.376" endtime="20230628 11:44:35.618"/>
</suite>
<status status="PASS" starttime="20230628 11:44:31.353" endtime="20230628 11:44:35.620"/>
</suite>
<statistics>
<total>
<stat pass="1" fail="0" skip="0">All Tests</stat>
</total>
<tag>
</tag>
<suite>
<stat pass="1" fail="0" skip="0" id="s1" name="Utils Robotframework">Utils Robotframework</stat>
<stat pass="1" fail="0" skip="0" id="s1-s1" name="Dashboard Constructeur">Utils Robotframework.Dashboard Constructeur</stat>
</suite>
</statistics>
<errors>
<msg timestamp="20230628 11:44:34.351" level="WARN" html="true">&lt;h3 style="color: green;"&gt;Bonjour admin !&lt;/h3&gt;</msg>
<msg timestamp="20230628 11:44:34.866" level="WARN" html="true">&lt;h3 style="color: green;"&gt;Go to contructeurs menu&lt;/h3&gt;</msg>
</errors>
</robot>
